0 info it worked if it ends with ok
1 verbose cli [ '/usr/local/bin/node', '/usr/local/bin/npm', 'init' ]
2 info using npm@2.11.2
3 info using node@v0.12.6
4 silly package data { name: 'speedchecker',
4 silly package data   version: '1.0.0',
4 silly package data   description: 'check internet connection speed',
4 silly package data   main: 'index.js',
4 silly package data   scripts: { test: 'echo "Error: no test specified" && exit 1' },
4 silly package data   bin: { speedchecker: 'index.js' },
4 silly package data   keywords: [ 'net', 'speedtest' ],
4 silly package data   author: 'Naveen Karippai',
4 silly package data   license: 'MIT',
4 silly package data   dependencies:
4 silly package data    { chalk: '^1.1.1',
4 silly package data      progress: '^1.1.8',
4 silly package data      'speedtest-net': '^1.1.0' },
4 silly package data   devDependencies: {},
4 silly package data   repository:
4 silly package data    { type: 'git',
4 silly package data      url: 'git+https://github.com/NaveenKarippai/speed-checker.git' },
4 silly package data   bugs: { url: 'https://github.com/NaveenKarippai/speed-checker/issues' },
4 silly package data   homepage: 'https://github.com/NaveenKarippai/speed-checker#readme' }
5 info init written successfully
6 verbose stack Error: EACCES, open '/home/naveenkarippai/Documents/node-experiments/speedchecker/package.json'
6 verbose stack     at Error (native)
7 verbose cwd /home/naveenkarippai/Documents/node-experiments/speedchecker
8 error Linux 3.13.0-35-generic
9 error argv "/usr/local/bin/node" "/usr/local/bin/npm" "init"
10 error node v0.12.6
11 error npm  v2.11.2
12 error path /home/naveenkarippai/Documents/node-experiments/speedchecker/package.json
13 error code EACCES
14 error errno -13
15 error Error: EACCES, open '/home/naveenkarippai/Documents/node-experiments/speedchecker/package.json'
15 error     at Error (native)
15 error  { [Error: EACCES, open '/home/naveenkarippai/Documents/node-experiments/speedchecker/package.json']
15 error   errno: -13,
15 error   code: 'EACCES',
15 error   path: '/home/naveenkarippai/Documents/node-experiments/speedchecker/package.json' }
16 error Please try running this command again as root/Administrator.
17 verbose exit [ -13, true ]
